Base path: C:/Program Files/Unity/Editor/Data
Pipe name: \\.\pipe\UnityShaderCompiler-64bit-1-11588
Cmd: getPlatforms
Cmd: preprocess
  insize=665 outsize=665 ok=1
Cmd: preprocess
  insize=808 outsize=808 ok=1
Cmd: preprocess
  insize=521 outsize=521 ok=1
Cmd: preprocess
  insize=892 outsize=259 ok=1
Cmd: compileSnippet
  api=4 type=0 insize=933 outsize=1152 kw= pd= ok=1
Cmd: compileSnippet
  api=4 type=1 insize=933 outsize=754 kw= pd= ok=1
Cmd: preprocess
  insize=672 outsize=672 ok=1
Cmd: preprocess
  insize=890 outsize=890 ok=1
Cmd: preprocess
  insize=290 outsize=290 ok=1
Cmd: preprocess
  insize=773 outsize=773 ok=1
Cmd: compileSnippet
  api=4 type=0 insize=1162 outsize=973 kw= pd= ok=1
Cmd: compileSnippet
  api=4 type=1 insize=1162 outsize=518 kw= pd= ok=1
Cmd: compileSnippet
  api=4 type=0 insize=990 outsize=1087 kw= pd= ok=1
Cmd: compileSnippet
  api=4 type=1 insize=990 outsize=713 kw= pd= ok=1
Cmd: compileSnippet
  api=4 type=0 insize=541 outsize=3533 kw=SHADOWS_DEPTH pd= ok=1
Cmd: compileSnippet
  api=4 type=1 insize=541 outsize=453 kw=SHADOWS_DEPTH pd= ok=1
Cmd: compileSnippet
  api=4 type=0 insize=1444 outsize=1217 kw= pd= ok=1
Cmd: compileSnippet
  api=4 type=1 insize=1444 outsize=673 kw= pd= ok=1
Cmd: compileSnippet
  api=4 type=0 insize=6845 outsize=3663 kw=DIRECTIONAL LIGHTMAP_OFF DIRLIGHTMAP_OFF DYNAMICLIGHTMAP_OFF pd= ok=1
Cmd: compileSnippet
  api=4 type=1 insize=6845 outsize=1314 kw=DIRECTIONAL LIGHTMAP_OFF DIRLIGHTMAP_OFF DYNAMICLIGHTMAP_OFF pd= ok=1
Cmd: compileSnippet
  api=4 type=0 insize=3617 outsize=2753 kw=DIRECTIONAL pd= ok=1
Cmd: compileSnippet
  api=4 type=1 insize=3617 outsize=1168 kw=DIRECTIONAL pd= ok=1
Cmd: compileSnippet
  api=4 type=0 insize=1151 outsize=933 kw= pd= ok=1
Cmd: compileSnippet
  api=4 type=1 insize=1151 outsize=518 kw= pd= ok=1
